[+] Containers:
 |- [+] Container: /Game/Platformer3D_MK/Maps/Level03
 |   |- [+] ActorDescs:
 |   |   |- Guid:02F1662E460D1F89FF6104AAE67DC222 BaseClass: NativeClass:/Script/Engine.SkyLight Name:SkyLight_UAID_244BFE874FBAF1C901_1846881838 Label:SkyLight SpatiallyLoaded:0 Bounds:IsValid=true, Min=(X=-4280.000 Y=3540.000 Z=340.000), Max=(X=-4280.000 Y=3540.000 Z=340.000) RuntimeGrid:None EditorOnly:0 RuntimeOnly:0 HLODRelevant:0 ListedInSceneOutliner:1 IsMainWorldOnly:0
 |   |   |- Guid:037446914C95A2CE454D93B765FDB73F BaseClass: NativeClass:/Script/Engine.StaticMeshActor Name:StaticMeshActor_UAID_244BFE874FBA83CA01_2047665531 Label:SM_Kit_Stairs_B SpatiallyLoaded:1 Bounds:IsValid=true, Min=(X=-927.162 Y=-666.796 Z=9.997), Max=(X=-470.844 Y=-453.204 Z=421.009) RuntimeGrid:None EditorOnly:0 RuntimeOnly:0 HLODRelevant:1 ListedInSceneOutliner:1 IsMainWorldOnly:0
 |   |   |- Guid:17891E0C46CE055D3EDDB1930C4971AC BaseClass: NativeClass:/Script/Engine.PlayerStart Name:PlayerStart_UAID_244BFE874FBA83CA01_1479564530 Label:PlayerStart SpatiallyLoaded:0 Bounds:IsValid=true, Min=(X=-1270.000 Y=-750.000 Z=13.295), Max=(X=-1190.000 Y=-670.000 Z=197.295) RuntimeGrid:None EditorOnly:0 RuntimeOnly:0 HLODRelevant:0 ListedInSceneOutliner:1 IsMainWorldOnly:0
 |   |   |- Guid:1F1288624826CD88CC5B1A8B8385EFE8 BaseClass: NativeClass:/Script/Engine.StaticMeshActor Name:StaticMeshActor_UAID_244BFE874FBA74CA01_1428545904 Label:SM_Cloud_C4 SpatiallyLoaded:1 Bounds:IsValid=true, Min=(X=-29033.364 Y=3448.785 Z=-823.696), Max=(X=-14536.271 Y=24944.377 Z=4759.814) RuntimeGrid:None EditorOnly:0 RuntimeOnly:0 HLODRelevant:1 ListedInSceneOutliner:1 IsMainWorldOnly:0 FolderPath:Clouds FolderGuid:D1F2ADB44A20864F4085E5B865A9F07C
 |   |   |- Guid:30AC59CA4D8B953C8DBAB186E8DF80F4 BaseClass: NativeClass:/Script/Engine.StaticMeshActor Name:StaticMeshActor_UAID_244BFE874FBA74CA01_1195193896 Label:SM_Cloud_C2 SpatiallyLoaded:1 Bounds:IsValid=true, Min=(X=11386.636 Y=-4581.215 Z=-10833.696), Max=(X=25883.729 Y=16914.377 Z=-5250.186) RuntimeGrid:None EditorOnly:0 RuntimeOnly:0 HLODRelevant:1 ListedInSceneOutliner:1 IsMainWorldOnly:0 FolderPath:Clouds FolderGuid:D1F2ADB44A20864F4085E5B865A9F07C
 |   |   |- Guid:3974C00B45E2B73C162139A8010E24CA BaseClass: NativeClass:/Script/Engine.StaticMeshActor Name:StaticMeshActor_UAID_244BFE874FBA74CA01_1455520905 Label:SM_Cloud_A5 SpatiallyLoaded:1 Bounds:IsValid=true, Min=(X=-16863.794 Y=3523.421 Z=2947.488), Max=(X=-2185.134 Y=23117.162 Z=9692.512) RuntimeGrid:None EditorOnly:0 RuntimeOnly:0 HLODRelevant:1 ListedInSceneOutliner:1 IsMainWorldOnly:0 FolderPath:Clouds FolderGuid:D1F2ADB44A20864F4085E5B865A9F07C
 |   |   |- Guid:3F8FCCEF470F5B605FAC66BF25B4623F BaseClass: NativeClass:/Script/Engine.StaticMeshActor Name:StaticMeshActor_UAID_244BFE874FBA74CA01_1350914902 Label:SM_Cloud_A4 SpatiallyLoaded:1 Bounds:IsValid=true, Min=(X=3926.206 Y=-4656.579 Z=2947.488), Max=(X=18604.866 Y=14937.162 Z=9692.512) RuntimeGrid:None EditorOnly:0 RuntimeOnly:0 HLODRelevant:1 ListedInSceneOutliner:1 IsMainWorldOnly:0 FolderPath:Clouds FolderGuid:D1F2ADB44A20864F4085E5B865A9F07C
 |   |   |- Guid:4221DBA7421ABE3A25DF4EAE5DC80551 BaseClass: NativeClass:/Script/Engine.StaticMeshActor Name:StaticMeshActor_UAID_244BFE874FBA83CA01_1995370530 Label:SM_Kit_Floor7 SpatiallyLoaded:1 Bounds:IsValid=true, Min=(X=-1200.000 Y=-1090.000 Z=-21.659), Max=(X=-800.000 Y=-689.948 Z=13.167) RuntimeGrid:None EditorOnly:0 RuntimeOnly:0 HLODRelevant:1 ListedInSceneOutliner:1 IsMainWorldOnly:0
 |   |   |- Guid:47BFC8024ABE47446C610A87A6EDF15E BaseClass: NativeClass:/Script/Engine.StaticMeshActor Name:StaticMeshActor_UAID_244BFE874FBA73CA01_2041681716 Label:SM_Cloud_D SpatiallyLoaded:1 Bounds:IsValid=true, Min=(X=-13040.588 Y=3750.738 Z=-12825.667), Max=(X=11696.721 Y=20289.531 Z=-5294.333) RuntimeGrid:None EditorOnly:0 RuntimeOnly:0 HLODRelevant:1 ListedInSceneOutliner:1 IsMainWorldOnly:0 FolderPath:Clouds FolderGuid:D1F2ADB44A20864F4085E5B865A9F07C
 |   |   |- Guid:47D0240040ADCDE92DCAEFA6B2C31CE9 BaseClass: NativeClass:/Script/Engine.WorldDataLayers Name:WorldDataLayers Label:WorldDataLayers SpatiallyLoaded:0 Bounds:Invalid RuntimeGrid:None EditorOnly:0 RuntimeOnly:0 HLODRelevant:0 ListedInSceneOutliner:1 IsMainWorldOnly:1
 |   |   |- Guid:4AB0C80648228D9430DF30BE32DD20D2 BaseClass: NativeClass:/Script/Engine.StaticMeshActor Name:StaticMeshActor_UAID_244BFE874FBA74CA01_1366295903 Label:SM_Cloud_D4 SpatiallyLoaded:1 Bounds:IsValid=true, Min=(X=-10619.676 Y=9177.347 Z=-2725.667), Max=(X=15234.596 Y=28990.852 Z=4805.667) RuntimeGrid:None EditorOnly:0 RuntimeOnly:0 HLODRelevant:1 ListedInSceneOutliner:1 IsMainWorldOnly:0 FolderPath:Clouds FolderGuid:D1F2ADB44A20864F4085E5B865A9F07C
 |   |   |- Guid:549C147044D3B963B21FA3A792AC3F78 BaseClass: NativeClass:/Script/Engine.StaticMeshActor Name:StaticMeshActor_UAID_244BFE874FBA74CA01_1295755900 Label:SM_Cloud_C3 SpatiallyLoaded:1 Bounds:IsValid=true, Min=(X=-19152.967 Y=17166.843 Z=-10833.696), Max=(X=2342.624 Y=31663.937 Z=-5250.186) RuntimeGrid:None EditorOnly:0 RuntimeOnly:0 HLODRelevant:1 ListedInSceneOutliner:1 IsMainWorldOnly:0 FolderPath:Clouds FolderGuid:D1F2ADB44A20864F4085E5B865A9F07C
 |   |   |- Guid:58F61C7F4600257663B8FBA5AED878CA BaseClass: NativeClass:/Script/Engine.StaticMeshActor Name:StaticMeshActor_UAID_244BFE874FBA83CA01_1990049527 Label:SM_Kit_Floor4 SpatiallyLoaded:1 Bounds:IsValid=true, Min=(X=-1600.000 Y=-1100.000 Z=-21.659), Max=(X=-1200.000 Y=-699.948 Z=13.167) RuntimeGrid:None EditorOnly:0 RuntimeOnly:0 HLODRelevant:1 ListedInSceneOutliner:1 IsMainWorldOnly:0
 |   |   |- Guid:64E277154A19FF7BD83386971AF6A49B BaseClass: NativeClass:/Script/Engine.StaticMeshActor Name:StaticMeshActor_UAID_244BFE874FBA73CA01_2062827717 Label:SM_Cloud_C SpatiallyLoaded:1 Bounds:IsValid=true, Min=(X=-18968.993 Y=-7084.991 Z=-10833.696), Max=(X=90.569 Y=13417.858 Z=-5250.186) RuntimeGrid:None EditorOnly:0 RuntimeOnly:0 HLODRelevant:1 ListedInSceneOutliner:1 IsMainWorldOnly:0 FolderPath:Clouds FolderGuid:D1F2ADB44A20864F4085E5B865A9F07C
 |   |   |- Guid:76639F8F496E810373B860B958C050A3 BaseClass:/Game/Platformer3D_MK/Core/RespawnSystem/BP_HeightRespawn.BP_HeightRespawn_C NativeClass:/Script/Engine.Actor Name:BP_HeightRespawn_C_UAID_244BFE874FBAF3C901_1862548201 Label:BP_HeightRespawn SpatiallyLoaded:1 Bounds:IsValid=true, Min=(X=-8734.000 Y=-2210.000 Z=-532.000), Max=(X=5714.000 Y=12110.000 Z=-468.000) RuntimeGrid:None EditorOnly:0 RuntimeOnly:0 HLODRelevant:0 ListedInSceneOutliner:1 IsMainWorldOnly:0
 |   |   |- Guid:79676A704DA06578A0AD179C3AE0D86E BaseClass: NativeClass:/Script/Engine.StaticMeshActor Name:StaticMeshActor_UAID_244BFE874FBA74CA01_1335310901 Label:SM_Cloud_D3 SpatiallyLoaded:1 Bounds:IsValid=true, Min=(X=-20810.148 Y=-25498.418 Z=-3755.667), Max=(X=5375.519 Y=-3012.227 Z=3775.667) RuntimeGrid:None EditorOnly:0 RuntimeOnly:0 HLODRelevant:1 ListedInSceneOutliner:1 IsMainWorldOnly:0 FolderPath:Clouds FolderGuid:D1F2ADB44A20864F4085E5B865A9F07C
 |   |   |- Guid:A06763194AF54A5DC9CF8493128CB110 BaseClass: NativeClass:/Script/Engine.StaticMeshActor Name:StaticMeshActor_UAID_244BFE874FBA74CA01_1161404895 Label:SM_Cloud_A2 SpatiallyLoaded:1 Bounds:IsValid=true, Min=(X=-26178.365 Y=-18268.482 Z=-11742.512), Max=(X=-7849.423 Y=1074.088 Z=-4997.488) RuntimeGrid:None EditorOnly:0 RuntimeOnly:0 HLODRelevant:1 ListedInSceneOutliner:1 IsMainWorldOnly:0 FolderPath:Clouds FolderGuid:D1F2ADB44A20864F4085E5B865A9F07C
 |   |   |- Guid:A2038A5643AC9C24CD04498CEBCF6FCB BaseClass: NativeClass:/Script/Engine.StaticMeshActor Name:StaticMeshActor_UAID_244BFE874FBA74CA01_1457295906 Label:SM_Cloud_A6 SpatiallyLoaded:1 Bounds:IsValid=true, Min=(X=-6617.623 Y=-6982.503 Z=6447.488), Max=(X=12206.030 Y=5170.415 Z=13192.512) RuntimeGrid:None EditorOnly:0 RuntimeOnly:0 HLODRelevant:1 ListedInSceneOutliner:1 IsMainWorldOnly:0 FolderPath:Clouds FolderGuid:D1F2ADB44A20864F4085E5B865A9F07C
 |   |   |- Guid:A7EFB34C4882C9F818A172AE03C60234 BaseClass: NativeClass:/Script/Engine.StaticMeshActor Name:StaticMeshActor_UAID_244BFE874FBA83CA01_1434178528 Label:SM_Kit_Floor SpatiallyLoaded:1 Bounds:IsValid=true, Min=(X=-1040.000 Y=12610.000 Z=-1221.659), Max=(X=-640.000 Y=13010.052 Z=-1186.833) RuntimeGrid:None EditorOnly:0 RuntimeOnly:0 HLODRelevant:1 ListedInSceneOutliner:1 IsMainWorldOnly:0
 |   |   |- Guid:BA7BA33D402F9E9FEC2AEC85A323C7B9 BaseClass: NativeClass:/Script/Engine.DirectionalLight Name:DirectionalLight_UAID_244BFE874FBAF1C901_1836879837 Label:DirectionalLight SpatiallyLoaded:0 Bounds:IsValid=true, Min=(X=-4398046511104.000 Y=-4398046511104.000 Z=-4398046511104.000), Max=(X=4398046511104.000 Y=4398046511104.000 Z=4398046511104.000) RuntimeGrid:None EditorOnly:0 RuntimeOnly:0 HLODRelevant:0 ListedInSceneOutliner:1 IsMainWorldOnly:0
 |   |   |- Guid:BAFCBEFA408F571F6BC62FB2FD8BF80D BaseClass: NativeClass:/Script/Engine.StaticMeshActor Name:StaticMeshActor_UAID_244BFE874FBA74CA01_1213454898 Label:SM_Cloud_D2 SpatiallyLoaded:1 Bounds:IsValid=true, Min=(X=3890.324 Y=-23322.653 Z=-12825.667), Max=(X=29744.596 Y=-3509.148 Z=-5294.333) RuntimeGrid:None EditorOnly:0 RuntimeOnly:0 HLODRelevant:1 ListedInSceneOutliner:1 IsMainWorldOnly:0 FolderPath:Clouds FolderGuid:D1F2ADB44A20864F4085E5B865A9F07C
 |   |   |- Guid:BB7F3AA1422173051F4271AD4435F0CC BaseClass: NativeClass:/Script/Engine.StaticMeshActor Name:StaticMeshActor_UAID_244BFE874FBA73CA01_2100851718 Label:SM_Cloud_A SpatiallyLoaded:1 Bounds:IsValid=true, Min=(X=-3062.559 Y=-9431.151 Z=-11742.512), Max=(X=14419.059 Y=-173.235 Z=-4997.488) RuntimeGrid:None EditorOnly:0 RuntimeOnly:0 HLODRelevant:1 ListedInSceneOutliner:1 IsMainWorldOnly:0 FolderPath:Clouds FolderGuid:D1F2ADB44A20864F4085E5B865A9F07C
 |   |   |- Guid:C21494484736C87F583A9D86E744C38F BaseClass: NativeClass:/Script/Engine.ExponentialHeightFog Name:ExponentialHeightFog_UAID_244BFE874FBAF1C901_1878895841 Label:ExponentialHeightFog SpatiallyLoaded:0 Bounds:IsValid=true, Min=(X=-4360.000 Y=3590.000 Z=450.000), Max=(X=-4360.000 Y=3590.000 Z=450.000) RuntimeGrid:None EditorOnly:0 RuntimeOnly:0 HLODRelevant:0 ListedInSceneOutliner:1 IsMainWorldOnly:0
 |   |   |- Guid:C4F5F8C6453A798D03EF8C83071B5F52 BaseClass: NativeClass:/Script/Engine.VolumetricCloud Name:VolumetricCloud_UAID_244BFE874FBAF1C901_1866215840 Label:VolumetricCloud SpatiallyLoaded:0 Bounds:IsValid=true, Min=(X=-4360.000 Y=3560.000 Z=460.000), Max=(X=-4360.000 Y=3560.000 Z=460.000) RuntimeGrid:None EditorOnly:0 RuntimeOnly:0 HLODRelevant:0 ListedInSceneOutliner:1 IsMainWorldOnly:0
 |   |   |- Guid:C8E1DC574835C0CC1E3902B340160E62 BaseClass: NativeClass:/Script/Engine.StaticMeshActor Name:StaticMeshActor_UAID_244BFE874FBA83CA01_1455860529 Label:SM_Kit_Floor2 SpatiallyLoaded:1 Bounds:IsValid=true, Min=(X=-1600.000 Y=-690.000 Z=-21.659), Max=(X=-1200.000 Y=-289.948 Z=13.167) RuntimeGrid:None EditorOnly:0 RuntimeOnly:0 HLODRelevant:1 ListedInSceneOutliner:1 IsMainWorldOnly:0
 |   |   |- Guid:CB4B0B40489152E91BD625983FE8C2E6 BaseClass: NativeClass:/Script/Engine.StaticMeshActor Name:StaticMeshActor_UAID_244BFE874FBA83CA01_1990054528 Label:SM_Kit_Floor5 SpatiallyLoaded:1 Bounds:IsValid=true, Min=(X=-1200.000 Y=-1100.000 Z=-21.659), Max=(X=-800.000 Y=-699.948 Z=13.167) RuntimeGrid:None EditorOnly:0 RuntimeOnly:0 HLODRelevant:1 ListedInSceneOutliner:1 IsMainWorldOnly:0
 |   |   |- Guid:E10EAFB2448B6736CC7512AC20F25260 BaseClass: NativeClass:/Script/Engine.StaticMeshActor Name:StaticMeshActor_UAID_244BFE874FBA84CA01_1139933710 Label:SM_Kit_Stairs_B2 SpatiallyLoaded:1 Bounds:IsValid=true, Min=(X=-927.162 Y=-856.796 Z=9.997), Max=(X=-470.844 Y=-643.204 Z=421.009) RuntimeGrid:None EditorOnly:0 RuntimeOnly:0 HLODRelevant:1 ListedInSceneOutliner:1 IsMainWorldOnly:0
 |   |   |- Guid:EEBA37AD4C6E50112C659DB0BC9D0E50 BaseClass: NativeClass:/Script/Engine.StaticMeshActor Name:StaticMeshActor_UAID_244BFE874FBA74CA01_1284003899 Label:SM_Cloud_A3 SpatiallyLoaded:1 Bounds:IsValid=true, Min=(X=1771.018 Y=16027.526 Z=-11742.512), Max=(X=21539.501 Y=32785.925 Z=-4997.488) RuntimeGrid:None EditorOnly:0 RuntimeOnly:0 HLODRelevant:1 ListedInSceneOutliner:1 IsMainWorldOnly:0 FolderPath:Clouds FolderGuid:D1F2ADB44A20864F4085E5B865A9F07C
 |   |   |- Guid:F2E455B84E51B143FD0EE6AF26D434FF BaseClass: NativeClass:/Script/Engine.SkyAtmosphere Name:SkyAtmosphere_UAID_244BFE874FBAF1C901_1857717839 Label:SkyAtmosphere SpatiallyLoaded:0 Bounds:IsValid=true, Min=(X=-4360.000 Y=3580.000 Z=460.000), Max=(X=-4360.000 Y=3580.000 Z=460.000) RuntimeGrid:None EditorOnly:0 RuntimeOnly:0 HLODRelevant:0 ListedInSceneOutliner:1 IsMainWorldOnly:0
 |   |   |- Guid:F5D4DDC2497A145FB4BF3CBC992DDF66 BaseClass: NativeClass:/Script/Engine.StaticMeshActor Name:StaticMeshActor_UAID_244BFE874FBA83CA01_1995368529 Label:SM_Kit_Floor6 SpatiallyLoaded:1 Bounds:IsValid=true, Min=(X=-1600.000 Y=-1090.000 Z=-21.659), Max=(X=-1200.000 Y=-689.948 Z=13.167) RuntimeGrid:None EditorOnly:0 RuntimeOnly:0 HLODRelevant:1 ListedInSceneOutliner:1 IsMainWorldOnly:0
 |   |   |- Guid:F74DA1CE4765C7BA3731D6A8AC29C832 BaseClass: NativeClass:/Script/Engine.StaticMeshActor Name:StaticMeshActor_UAID_244BFE874FBA83CA01_1542169531 Label:SM_Kit_Floor3 SpatiallyLoaded:1 Bounds:IsValid=true, Min=(X=-1200.000 Y=-690.000 Z=-21.659), Max=(X=-800.000 Y=-289.948 Z=13.167) RuntimeGrid:None EditorOnly:0 RuntimeOnly:0 HLODRelevant:1 ListedInSceneOutliner:1 IsMainWorldOnly:0
 |   |- [+] Clusters:
 |   |   |- [+] [  0]
 |   |   |   |- Guid:02F1662E460D1F89FF6104AAE67DC222 BaseClass: NativeClass:/Script/Engine.SkyLight Name:SkyLight_UAID_244BFE874FBAF1C901_1846881838 Label:SkyLight SpatiallyLoaded:0 Bounds:IsValid=true, Min=(X=-4280.000 Y=3540.000 Z=340.000), Max=(X=-4280.000 Y=3540.000 Z=340.000) RuntimeGrid:None EditorOnly:0 RuntimeOnly:0 HLODRelevant:0 ListedInSceneOutliner:1 IsMainWorldOnly:0
 |   |   |- [+] [  1]
 |   |   |   |- Guid:037446914C95A2CE454D93B765FDB73F BaseClass: NativeClass:/Script/Engine.StaticMeshActor Name:StaticMeshActor_UAID_244BFE874FBA83CA01_2047665531 Label:SM_Kit_Stairs_B SpatiallyLoaded:1 Bounds:IsValid=true, Min=(X=-927.162 Y=-666.796 Z=9.997), Max=(X=-470.844 Y=-453.204 Z=421.009) RuntimeGrid:None EditorOnly:0 RuntimeOnly:0 HLODRelevant:1 ListedInSceneOutliner:1 IsMainWorldOnly:0
 |   |   |- [+] [  2]
 |   |   |   |- Guid:17891E0C46CE055D3EDDB1930C4971AC BaseClass: NativeClass:/Script/Engine.PlayerStart Name:PlayerStart_UAID_244BFE874FBA83CA01_1479564530 Label:PlayerStart SpatiallyLoaded:0 Bounds:IsValid=true, Min=(X=-1270.000 Y=-750.000 Z=13.295), Max=(X=-1190.000 Y=-670.000 Z=197.295) RuntimeGrid:None EditorOnly:0 RuntimeOnly:0 HLODRelevant:0 ListedInSceneOutliner:1 IsMainWorldOnly:0
 |   |   |- [+] [  3]
 |   |   |   |- Guid:1F1288624826CD88CC5B1A8B8385EFE8 BaseClass: NativeClass:/Script/Engine.StaticMeshActor Name:StaticMeshActor_UAID_244BFE874FBA74CA01_1428545904 Label:SM_Cloud_C4 SpatiallyLoaded:1 Bounds:IsValid=true, Min=(X=-29033.364 Y=3448.785 Z=-823.696), Max=(X=-14536.271 Y=24944.377 Z=4759.814) RuntimeGrid:None EditorOnly:0 RuntimeOnly:0 HLODRelevant:1 ListedInSceneOutliner:1 IsMainWorldOnly:0 FolderPath:Clouds FolderGuid:D1F2ADB44A20864F4085E5B865A9F07C
 |   |   |- [+] [  4]
 |   |   |   |- Guid:30AC59CA4D8B953C8DBAB186E8DF80F4 BaseClass: NativeClass:/Script/Engine.StaticMeshActor Name:StaticMeshActor_UAID_244BFE874FBA74CA01_1195193896 Label:SM_Cloud_C2 SpatiallyLoaded:1 Bounds:IsValid=true, Min=(X=11386.636 Y=-4581.215 Z=-10833.696), Max=(X=25883.729 Y=16914.377 Z=-5250.186) RuntimeGrid:None EditorOnly:0 RuntimeOnly:0 HLODRelevant:1 ListedInSceneOutliner:1 IsMainWorldOnly:0 FolderPath:Clouds FolderGuid:D1F2ADB44A20864F4085E5B865A9F07C
 |   |   |- [+] [  5]
 |   |   |   |- Guid:3974C00B45E2B73C162139A8010E24CA BaseClass: NativeClass:/Script/Engine.StaticMeshActor Name:StaticMeshActor_UAID_244BFE874FBA74CA01_1455520905 Label:SM_Cloud_A5 SpatiallyLoaded:1 Bounds:IsValid=true, Min=(X=-16863.794 Y=3523.421 Z=2947.488), Max=(X=-2185.134 Y=23117.162 Z=9692.512) RuntimeGrid:None EditorOnly:0 RuntimeOnly:0 HLODRelevant:1 ListedInSceneOutliner:1 IsMainWorldOnly:0 FolderPath:Clouds FolderGuid:D1F2ADB44A20864F4085E5B865A9F07C
 |   |   |- [+] [  6]
 |   |   |   |- Guid:3F8FCCEF470F5B605FAC66BF25B4623F BaseClass: NativeClass:/Script/Engine.StaticMeshActor Name:StaticMeshActor_UAID_244BFE874FBA74CA01_1350914902 Label:SM_Cloud_A4 SpatiallyLoaded:1 Bounds:IsValid=true, Min=(X=3926.206 Y=-4656.579 Z=2947.488), Max=(X=18604.866 Y=14937.162 Z=9692.512) RuntimeGrid:None EditorOnly:0 RuntimeOnly:0 HLODRelevant:1 ListedInSceneOutliner:1 IsMainWorldOnly:0 FolderPath:Clouds FolderGuid:D1F2ADB44A20864F4085E5B865A9F07C
 |   |   |- [+] [  7]
 |   |   |   |- Guid:4221DBA7421ABE3A25DF4EAE5DC80551 BaseClass: NativeClass:/Script/Engine.StaticMeshActor Name:StaticMeshActor_UAID_244BFE874FBA83CA01_1995370530 Label:SM_Kit_Floor7 SpatiallyLoaded:1 Bounds:IsValid=true, Min=(X=-1200.000 Y=-1090.000 Z=-21.659), Max=(X=-800.000 Y=-689.948 Z=13.167) RuntimeGrid:None EditorOnly:0 RuntimeOnly:0 HLODRelevant:1 ListedInSceneOutliner:1 IsMainWorldOnly:0
 |   |   |- [+] [  8]
 |   |   |   |- Guid:47BFC8024ABE47446C610A87A6EDF15E BaseClass: NativeClass:/Script/Engine.StaticMeshActor Name:StaticMeshActor_UAID_244BFE874FBA73CA01_2041681716 Label:SM_Cloud_D SpatiallyLoaded:1 Bounds:IsValid=true, Min=(X=-13040.588 Y=3750.738 Z=-12825.667), Max=(X=11696.721 Y=20289.531 Z=-5294.333) RuntimeGrid:None EditorOnly:0 RuntimeOnly:0 HLODRelevant:1 ListedInSceneOutliner:1 IsMainWorldOnly:0 FolderPath:Clouds FolderGuid:D1F2ADB44A20864F4085E5B865A9F07C
 |   |   |- [+] [  9]
 |   |   |   |- Guid:47D0240040ADCDE92DCAEFA6B2C31CE9 BaseClass: NativeClass:/Script/Engine.WorldDataLayers Name:WorldDataLayers Label:WorldDataLayers SpatiallyLoaded:0 Bounds:Invalid RuntimeGrid:None EditorOnly:0 RuntimeOnly:0 HLODRelevant:0 ListedInSceneOutliner:1 IsMainWorldOnly:1
 |   |   |- [+] [ 10]
 |   |   |   |- Guid:4AB0C80648228D9430DF30BE32DD20D2 BaseClass: NativeClass:/Script/Engine.StaticMeshActor Name:StaticMeshActor_UAID_244BFE874FBA74CA01_1366295903 Label:SM_Cloud_D4 SpatiallyLoaded:1 Bounds:IsValid=true, Min=(X=-10619.676 Y=9177.347 Z=-2725.667), Max=(X=15234.596 Y=28990.852 Z=4805.667) RuntimeGrid:None EditorOnly:0 RuntimeOnly:0 HLODRelevant:1 ListedInSceneOutliner:1 IsMainWorldOnly:0 FolderPath:Clouds FolderGuid:D1F2ADB44A20864F4085E5B865A9F07C
 |   |   |- [+] [ 11]
 |   |   |   |- Guid:549C147044D3B963B21FA3A792AC3F78 BaseClass: NativeClass:/Script/Engine.StaticMeshActor Name:StaticMeshActor_UAID_244BFE874FBA74CA01_1295755900 Label:SM_Cloud_C3 SpatiallyLoaded:1 Bounds:IsValid=true, Min=(X=-19152.967 Y=17166.843 Z=-10833.696), Max=(X=2342.624 Y=31663.937 Z=-5250.186) RuntimeGrid:None EditorOnly:0 RuntimeOnly:0 HLODRelevant:1 ListedInSceneOutliner:1 IsMainWorldOnly:0 FolderPath:Clouds FolderGuid:D1F2ADB44A20864F4085E5B865A9F07C
 |   |   |- [+] [ 12]
 |   |   |   |- Guid:58F61C7F4600257663B8FBA5AED878CA BaseClass: NativeClass:/Script/Engine.StaticMeshActor Name:StaticMeshActor_UAID_244BFE874FBA83CA01_1990049527 Label:SM_Kit_Floor4 SpatiallyLoaded:1 Bounds:IsValid=true, Min=(X=-1600.000 Y=-1100.000 Z=-21.659), Max=(X=-1200.000 Y=-699.948 Z=13.167) RuntimeGrid:None EditorOnly:0 RuntimeOnly:0 HLODRelevant:1 ListedInSceneOutliner:1 IsMainWorldOnly:0
 |   |   |- [+] [ 13]
 |   |   |   |- Guid:64E277154A19FF7BD83386971AF6A49B BaseClass: NativeClass:/Script/Engine.StaticMeshActor Name:StaticMeshActor_UAID_244BFE874FBA73CA01_2062827717 Label:SM_Cloud_C SpatiallyLoaded:1 Bounds:IsValid=true, Min=(X=-18968.993 Y=-7084.991 Z=-10833.696), Max=(X=90.569 Y=13417.858 Z=-5250.186) RuntimeGrid:None EditorOnly:0 RuntimeOnly:0 HLODRelevant:1 ListedInSceneOutliner:1 IsMainWorldOnly:0 FolderPath:Clouds FolderGuid:D1F2ADB44A20864F4085E5B865A9F07C
 |   |   |- [+] [ 14]
 |   |   |   |- Guid:76639F8F496E810373B860B958C050A3 BaseClass:/Game/Platformer3D_MK/Core/RespawnSystem/BP_HeightRespawn.BP_HeightRespawn_C NativeClass:/Script/Engine.Actor Name:BP_HeightRespawn_C_UAID_244BFE874FBAF3C901_1862548201 Label:BP_HeightRespawn SpatiallyLoaded:1 Bounds:IsValid=true, Min=(X=-8734.000 Y=-2210.000 Z=-532.000), Max=(X=5714.000 Y=12110.000 Z=-468.000) RuntimeGrid:None EditorOnly:0 RuntimeOnly:0 HLODRelevant:0 ListedInSceneOutliner:1 IsMainWorldOnly:0
 |   |   |- [+] [ 15]
 |   |   |   |- Guid:79676A704DA06578A0AD179C3AE0D86E BaseClass: NativeClass:/Script/Engine.StaticMeshActor Name:StaticMeshActor_UAID_244BFE874FBA74CA01_1335310901 Label:SM_Cloud_D3 SpatiallyLoaded:1 Bounds:IsValid=true, Min=(X=-20810.148 Y=-25498.418 Z=-3755.667), Max=(X=5375.519 Y=-3012.227 Z=3775.667) RuntimeGrid:None EditorOnly:0 RuntimeOnly:0 HLODRelevant:1 ListedInSceneOutliner:1 IsMainWorldOnly:0 FolderPath:Clouds FolderGuid:D1F2ADB44A20864F4085E5B865A9F07C
 |   |   |- [+] [ 16]
 |   |   |   |- Guid:A06763194AF54A5DC9CF8493128CB110 BaseClass: NativeClass:/Script/Engine.StaticMeshActor Name:StaticMeshActor_UAID_244BFE874FBA74CA01_1161404895 Label:SM_Cloud_A2 SpatiallyLoaded:1 Bounds:IsValid=true, Min=(X=-26178.365 Y=-18268.482 Z=-11742.512), Max=(X=-7849.423 Y=1074.088 Z=-4997.488) RuntimeGrid:None EditorOnly:0 RuntimeOnly:0 HLODRelevant:1 ListedInSceneOutliner:1 IsMainWorldOnly:0 FolderPath:Clouds FolderGuid:D1F2ADB44A20864F4085E5B865A9F07C
 |   |   |- [+] [ 17]
 |   |   |   |- Guid:A2038A5643AC9C24CD04498CEBCF6FCB BaseClass: NativeClass:/Script/Engine.StaticMeshActor Name:StaticMeshActor_UAID_244BFE874FBA74CA01_1457295906 Label:SM_Cloud_A6 SpatiallyLoaded:1 Bounds:IsValid=true, Min=(X=-6617.623 Y=-6982.503 Z=6447.488), Max=(X=12206.030 Y=5170.415 Z=13192.512) RuntimeGrid:None EditorOnly:0 RuntimeOnly:0 HLODRelevant:1 ListedInSceneOutliner:1 IsMainWorldOnly:0 FolderPath:Clouds FolderGuid:D1F2ADB44A20864F4085E5B865A9F07C
 |   |   |- [+] [ 18]
 |   |   |   |- Guid:A7EFB34C4882C9F818A172AE03C60234 BaseClass: NativeClass:/Script/Engine.StaticMeshActor Name:StaticMeshActor_UAID_244BFE874FBA83CA01_1434178528 Label:SM_Kit_Floor SpatiallyLoaded:1 Bounds:IsValid=true, Min=(X=-1040.000 Y=12610.000 Z=-1221.659), Max=(X=-640.000 Y=13010.052 Z=-1186.833) RuntimeGrid:None EditorOnly:0 RuntimeOnly:0 HLODRelevant:1 ListedInSceneOutliner:1 IsMainWorldOnly:0
 |   |   |- [+] [ 19]
 |   |   |   |- Guid:BA7BA33D402F9E9FEC2AEC85A323C7B9 BaseClass: NativeClass:/Script/Engine.DirectionalLight Name:DirectionalLight_UAID_244BFE874FBAF1C901_1836879837 Label:DirectionalLight SpatiallyLoaded:0 Bounds:IsValid=true, Min=(X=-4398046511104.000 Y=-4398046511104.000 Z=-4398046511104.000), Max=(X=4398046511104.000 Y=4398046511104.000 Z=4398046511104.000) RuntimeGrid:None EditorOnly:0 RuntimeOnly:0 HLODRelevant:0 ListedInSceneOutliner:1 IsMainWorldOnly:0
 |   |   |- [+] [ 20]
 |   |   |   |- Guid:BAFCBEFA408F571F6BC62FB2FD8BF80D BaseClass: NativeClass:/Script/Engine.StaticMeshActor Name:StaticMeshActor_UAID_244BFE874FBA74CA01_1213454898 Label:SM_Cloud_D2 SpatiallyLoaded:1 Bounds:IsValid=true, Min=(X=3890.324 Y=-23322.653 Z=-12825.667), Max=(X=29744.596 Y=-3509.148 Z=-5294.333) RuntimeGrid:None EditorOnly:0 RuntimeOnly:0 HLODRelevant:1 ListedInSceneOutliner:1 IsMainWorldOnly:0 FolderPath:Clouds FolderGuid:D1F2ADB44A20864F4085E5B865A9F07C
 |   |   |- [+] [ 21]
 |   |   |   |- Guid:BB7F3AA1422173051F4271AD4435F0CC BaseClass: NativeClass:/Script/Engine.StaticMeshActor Name:StaticMeshActor_UAID_244BFE874FBA73CA01_2100851718 Label:SM_Cloud_A SpatiallyLoaded:1 Bounds:IsValid=true, Min=(X=-3062.559 Y=-9431.151 Z=-11742.512), Max=(X=14419.059 Y=-173.235 Z=-4997.488) RuntimeGrid:None EditorOnly:0 RuntimeOnly:0 HLODRelevant:1 ListedInSceneOutliner:1 IsMainWorldOnly:0 FolderPath:Clouds FolderGuid:D1F2ADB44A20864F4085E5B865A9F07C
 |   |   |- [+] [ 22]
 |   |   |   |- Guid:C21494484736C87F583A9D86E744C38F BaseClass: NativeClass:/Script/Engine.ExponentialHeightFog Name:ExponentialHeightFog_UAID_244BFE874FBAF1C901_1878895841 Label:ExponentialHeightFog SpatiallyLoaded:0 Bounds:IsValid=true, Min=(X=-4360.000 Y=3590.000 Z=450.000), Max=(X=-4360.000 Y=3590.000 Z=450.000) RuntimeGrid:None EditorOnly:0 RuntimeOnly:0 HLODRelevant:0 ListedInSceneOutliner:1 IsMainWorldOnly:0
 |   |   |- [+] [ 23]
 |   |   |   |- Guid:C4F5F8C6453A798D03EF8C83071B5F52 BaseClass: NativeClass:/Script/Engine.VolumetricCloud Name:VolumetricCloud_UAID_244BFE874FBAF1C901_1866215840 Label:VolumetricCloud SpatiallyLoaded:0 Bounds:IsValid=true, Min=(X=-4360.000 Y=3560.000 Z=460.000), Max=(X=-4360.000 Y=3560.000 Z=460.000) RuntimeGrid:None EditorOnly:0 RuntimeOnly:0 HLODRelevant:0 ListedInSceneOutliner:1 IsMainWorldOnly:0
 |   |   |- [+] [ 24]
 |   |   |   |- Guid:C8E1DC574835C0CC1E3902B340160E62 BaseClass: NativeClass:/Script/Engine.StaticMeshActor Name:StaticMeshActor_UAID_244BFE874FBA83CA01_1455860529 Label:SM_Kit_Floor2 SpatiallyLoaded:1 Bounds:IsValid=true, Min=(X=-1600.000 Y=-690.000 Z=-21.659), Max=(X=-1200.000 Y=-289.948 Z=13.167) RuntimeGrid:None EditorOnly:0 RuntimeOnly:0 HLODRelevant:1 ListedInSceneOutliner:1 IsMainWorldOnly:0
 |   |   |- [+] [ 25]
 |   |   |   |- Guid:CB4B0B40489152E91BD625983FE8C2E6 BaseClass: NativeClass:/Script/Engine.StaticMeshActor Name:StaticMeshActor_UAID_244BFE874FBA83CA01_1990054528 Label:SM_Kit_Floor5 SpatiallyLoaded:1 Bounds:IsValid=true, Min=(X=-1200.000 Y=-1100.000 Z=-21.659), Max=(X=-800.000 Y=-699.948 Z=13.167) RuntimeGrid:None EditorOnly:0 RuntimeOnly:0 HLODRelevant:1 ListedInSceneOutliner:1 IsMainWorldOnly:0
 |   |   |- [+] [ 26]
 |   |   |   |- Guid:E10EAFB2448B6736CC7512AC20F25260 BaseClass: NativeClass:/Script/Engine.StaticMeshActor Name:StaticMeshActor_UAID_244BFE874FBA84CA01_1139933710 Label:SM_Kit_Stairs_B2 SpatiallyLoaded:1 Bounds:IsValid=true, Min=(X=-927.162 Y=-856.796 Z=9.997), Max=(X=-470.844 Y=-643.204 Z=421.009) RuntimeGrid:None EditorOnly:0 RuntimeOnly:0 HLODRelevant:1 ListedInSceneOutliner:1 IsMainWorldOnly:0
 |   |   |- [+] [ 27]
 |   |   |   |- Guid:EEBA37AD4C6E50112C659DB0BC9D0E50 BaseClass: NativeClass:/Script/Engine.StaticMeshActor Name:StaticMeshActor_UAID_244BFE874FBA74CA01_1284003899 Label:SM_Cloud_A3 SpatiallyLoaded:1 Bounds:IsValid=true, Min=(X=1771.018 Y=16027.526 Z=-11742.512), Max=(X=21539.501 Y=32785.925 Z=-4997.488) RuntimeGrid:None EditorOnly:0 RuntimeOnly:0 HLODRelevant:1 ListedInSceneOutliner:1 IsMainWorldOnly:0 FolderPath:Clouds FolderGuid:D1F2ADB44A20864F4085E5B865A9F07C
 |   |   |- [+] [ 28]
 |   |   |   |- Guid:F2E455B84E51B143FD0EE6AF26D434FF BaseClass: NativeClass:/Script/Engine.SkyAtmosphere Name:SkyAtmosphere_UAID_244BFE874FBAF1C901_1857717839 Label:SkyAtmosphere SpatiallyLoaded:0 Bounds:IsValid=true, Min=(X=-4360.000 Y=3580.000 Z=460.000), Max=(X=-4360.000 Y=3580.000 Z=460.000) RuntimeGrid:None EditorOnly:0 RuntimeOnly:0 HLODRelevant:0 ListedInSceneOutliner:1 IsMainWorldOnly:0
 |   |   |- [+] [ 29]
 |   |   |   |- Guid:F5D4DDC2497A145FB4BF3CBC992DDF66 BaseClass: NativeClass:/Script/Engine.StaticMeshActor Name:StaticMeshActor_UAID_244BFE874FBA83CA01_1995368529 Label:SM_Kit_Floor6 SpatiallyLoaded:1 Bounds:IsValid=true, Min=(X=-1600.000 Y=-1090.000 Z=-21.659), Max=(X=-1200.000 Y=-689.948 Z=13.167) RuntimeGrid:None EditorOnly:0 RuntimeOnly:0 HLODRelevant:1 ListedInSceneOutliner:1 IsMainWorldOnly:0
 |   |   |- [+] [ 30]
 |   |   |   |- Guid:F74DA1CE4765C7BA3731D6A8AC29C832 BaseClass: NativeClass:/Script/Engine.StaticMeshActor Name:StaticMeshActor_UAID_244BFE874FBA83CA01_1542169531 Label:SM_Kit_Floor3 SpatiallyLoaded:1 Bounds:IsValid=true, Min=(X=-1200.000 Y=-690.000 Z=-21.659), Max=(X=-800.000 Y=-289.948 Z=13.167) RuntimeGrid:None EditorOnly:0 RuntimeOnly:0 HLODRelevant:1 ListedInSceneOutliner:1 IsMainWorldOnly:0
 |- ContainerInstances:
 |- [+] MainContainer:
 |   |-        ID: 00000000000000000000000000000000
 |   |-  ParentID: 00000000000000000000000000000000
 |   |-    Bounds: IsValid=true, Min=(X=-29033.364 Y=-25498.418 Z=-12825.667), Max=(X=29744.596 Y=32785.925 Z=13192.512)
 |   |- Transform: 0.000000,0.000000,0.000000|0.000000,0.000000,-0.000000|1.000000,1.000000,1.000000
 |   |- Container: /Game/Platformer3D_MK/Maps/Level03
----------------------------------------------------------------------------------------------------------------
Level03 - Persistent Level
----------------------------------------------------------------------------------------------------------------
[+] Content of Level03 Persistent Level
 |- Always loaded Actor Count: 36 
 |- Actor Path: /Game/Platformer3D_MK/Maps/Level03.Level03:PersistentLevel.AbstractNavData-Default
 |- Actor Package: /Game/Platformer3D_MK/Maps/Level03
 |- Actor Path: /Game/Platformer3D_MK/Maps/Level03.Level03:PersistentLevel.BP_HeightRespawn_C_UAID_244BFE874FBAF3C901_1862548201
 |- Actor Package: /Game/__ExternalActors__/Platformer3D_MK/Maps/Level03/D/GP/KVWU7W6DDLVWVBLEBRIU2F
 |- Actor Path: /Game/Platformer3D_MK/Maps/Level03.Level03:PersistentLevel.Brush_0
 |- Actor Package: /Game/Platformer3D_MK/Maps/Level03
 |- Actor Path: /Game/Platformer3D_MK/Maps/Level03.Level03:PersistentLevel.DefaultPhysicsVolume_0
 |- Actor Package: /Game/Platformer3D_MK/Maps/Level03
 |- Actor Path: /Game/Platformer3D_MK/Maps/Level03.Level03:PersistentLevel.DirectionalLight_UAID_244BFE874FBAF1C901_1836879837
 |- Actor Package: /Game/__ExternalActors__/Platformer3D_MK/Maps/Level03/2/YU/96JSDV6PW4DTVYO6B3F67N
 |- Actor Path: /Game/Platformer3D_MK/Maps/Level03.Level03:PersistentLevel.ExponentialHeightFog_UAID_244BFE874FBAF1C901_1878895841
 |- Actor Package: /Game/__ExternalActors__/Platformer3D_MK/Maps/Level03/1/TK/WB35IOEYFL0I6NCAHS4RG7
 |- Actor Path: /Game/Platformer3D_MK/Maps/Level03.Level03:PersistentLevel.GameplayDebuggerPlayerManager_0
 |- Actor Package: /Game/Platformer3D_MK/Maps/Level03
 |- Actor Path: /Game/Platformer3D_MK/Maps/Level03.Level03:PersistentLevel.PlayerStart_UAID_244BFE874FBA83CA01_1479564530
 |- Actor Package: /Game/__ExternalActors__/Platformer3D_MK/Maps/Level03/8/RS/0343LOSLWFH2DRDWC7DZ55
 |- Actor Path: /Game/Platformer3D_MK/Maps/Level03.Level03:PersistentLevel.SkyAtmosphere_UAID_244BFE874FBAF1C901_1857717839
 |- Actor Package: /Game/__ExternalActors__/Platformer3D_MK/Maps/Level03/A/IY/30DJMCUSFEYAYQEORLHPIN
 |- Actor Path: /Game/Platformer3D_MK/Maps/Level03.Level03:PersistentLevel.SkyLight_UAID_244BFE874FBAF1C901_1846881838
 |- Actor Package: /Game/__ExternalActors__/Platformer3D_MK/Maps/Level03/D/1C/LTM99U22D81JMFAUZJXH1C
 |- Actor Path: /Game/Platformer3D_MK/Maps/Level03.Level03:PersistentLevel.StaticMeshActor_UAID_244BFE874FBA73CA01_2041681716
 |- Actor Package: /Game/__ExternalActors__/Platformer3D_MK/Maps/Level03/1/YA/7YCZQWV59ZYYROK47BXWHD
 |- Actor Path: /Game/Platformer3D_MK/Maps/Level03.Level03:PersistentLevel.StaticMeshActor_UAID_244BFE874FBA73CA01_2062827717
 |- Actor Package: /Game/__ExternalActors__/Platformer3D_MK/Maps/Level03/7/XZ/ZZF0BYYFFIR8DA76NM6EV9
 |- Actor Path: /Game/Platformer3D_MK/Maps/Level03.Level03:PersistentLevel.StaticMeshActor_UAID_244BFE874FBA73CA01_2100851718
 |- Actor Package: /Game/__ExternalActors__/Platformer3D_MK/Maps/Level03/9/66/2GQ8Z4J8GWDLQEE7W9VRSO
 |- Actor Path: /Game/Platformer3D_MK/Maps/Level03.Level03:PersistentLevel.StaticMeshActor_UAID_244BFE874FBA74CA01_1161404895
 |- Actor Package: /Game/__ExternalActors__/Platformer3D_MK/Maps/Level03/9/4U/H1UA6S2X28SETG2L5TJKX6
 |- Actor Path: /Game/Platformer3D_MK/Maps/Level03.Level03:PersistentLevel.StaticMeshActor_UAID_244BFE874FBA74CA01_1195193896
 |- Actor Package: /Game/__ExternalActors__/Platformer3D_MK/Maps/Level03/8/4I/BWXY0MQVLD7NCTX79PQ7EI
 |- Actor Path: /Game/Platformer3D_MK/Maps/Level03.Level03:PersistentLevel.StaticMeshActor_UAID_244BFE874FBA74CA01_1213454898
 |- Actor Package: /Game/__ExternalActors__/Platformer3D_MK/Maps/Level03/5/8F/WEKDBS81I3HTKVM3KHCST2
 |- Actor Path: /Game/Platformer3D_MK/Maps/Level03.Level03:PersistentLevel.StaticMeshActor_UAID_244BFE874FBA74CA01_1284003899
 |- Actor Package: /Game/__ExternalActors__/Platformer3D_MK/Maps/Level03/C/0S/J1UIRFH0UGIZUU2I5BKR9F
 |- Actor Path: /Game/Platformer3D_MK/Maps/Level03.Level03:PersistentLevel.StaticMeshActor_UAID_244BFE874FBA74CA01_1295755900
 |- Actor Package: /Game/__ExternalActors__/Platformer3D_MK/Maps/Level03/0/Y3/B366WTYZAARPUB145DR75S
 |- Actor Path: /Game/Platformer3D_MK/Maps/Level03.Level03:PersistentLevel.StaticMeshActor_UAID_244BFE874FBA74CA01_1335310901
 |- Actor Package: /Game/__ExternalActors__/Platformer3D_MK/Maps/Level03/E/7X/SN7KE54XTHL7G7YH64A0FT
 |- Actor Path: /Game/Platformer3D_MK/Maps/Level03.Level03:PersistentLevel.StaticMeshActor_UAID_244BFE874FBA74CA01_1350914902
 |- Actor Package: /Game/__ExternalActors__/Platformer3D_MK/Maps/Level03/3/M5/ILEF1EHL8KWYKNZQN623D3
 |- Actor Path: /Game/Platformer3D_MK/Maps/Level03.Level03:PersistentLevel.StaticMeshActor_UAID_244BFE874FBA74CA01_1366295903
 |- Actor Package: /Game/__ExternalActors__/Platformer3D_MK/Maps/Level03/A/XZ/YOEEA4RES8NMBOV19IZUMK
 |- Actor Path: /Game/Platformer3D_MK/Maps/Level03.Level03:PersistentLevel.StaticMeshActor_UAID_244BFE874FBA74CA01_1428545904
 |- Actor Package: /Game/__ExternalActors__/Platformer3D_MK/Maps/Level03/3/JD/7C20W16SY82N4TN4DW545L
 |- Actor Path: /Game/Platformer3D_MK/Maps/Level03.Level03:PersistentLevel.StaticMeshActor_UAID_244BFE874FBA74CA01_1455520905
 |- Actor Package: /Game/__ExternalActors__/Platformer3D_MK/Maps/Level03/0/FO/26S5H417353L7GKD4PIEIO
 |- Actor Path: /Game/Platformer3D_MK/Maps/Level03.Level03:PersistentLevel.StaticMeshActor_UAID_244BFE874FBA74CA01_1457295906
 |- Actor Package: /Game/__ExternalActors__/Platformer3D_MK/Maps/Level03/B/RC/NV486TE71QGIKMVMJLT2I3
 |- Actor Path: /Game/Platformer3D_MK/Maps/Level03.Level03:PersistentLevel.StaticMeshActor_UAID_244BFE874FBA83CA01_1455860529
 |- Actor Package: /Game/__ExternalActors__/Platformer3D_MK/Maps/Level03/B/EJ/TZOF6LRNHAQOMQFE9HB2C6
 |- Actor Path: /Game/Platformer3D_MK/Maps/Level03.Level03:PersistentLevel.StaticMeshActor_UAID_244BFE874FBA83CA01_1542169531
 |- Actor Package: /Game/__ExternalActors__/Platformer3D_MK/Maps/Level03/D/UN/GB9KU8J4F0U5VUDH78JVH1
 |- Actor Path: /Game/Platformer3D_MK/Maps/Level03.Level03:PersistentLevel.StaticMeshActor_UAID_244BFE874FBA83CA01_1990049527
 |- Actor Package: /Game/__ExternalActors__/Platformer3D_MK/Maps/Level03/B/FJ/SLYFNZ16OJB8O7FVX13XDP
 |- Actor Path: /Game/Platformer3D_MK/Maps/Level03.Level03:PersistentLevel.StaticMeshActor_UAID_244BFE874FBA83CA01_1990054528
 |- Actor Package: /Game/__ExternalActors__/Platformer3D_MK/Maps/Level03/7/CG/MNJRZZJYLSLU82RYVC9HGF
 |- Actor Path: /Game/Platformer3D_MK/Maps/Level03.Level03:PersistentLevel.StaticMeshActor_UAID_244BFE874FBA83CA01_1995368529
 |- Actor Package: /Game/__ExternalActors__/Platformer3D_MK/Maps/Level03/2/AA/XVYVQ721RDGVVBUXL1CWI8
 |- Actor Path: /Game/Platformer3D_MK/Maps/Level03.Level03:PersistentLevel.StaticMeshActor_UAID_244BFE874FBA83CA01_1995370530
 |- Actor Package: /Game/__ExternalActors__/Platformer3D_MK/Maps/Level03/7/PP/3I1NRM7H33IU4577XRP6IL
 |- Actor Path: /Game/Platformer3D_MK/Maps/Level03.Level03:PersistentLevel.StaticMeshActor_UAID_244BFE874FBA83CA01_2047665531
 |- Actor Package: /Game/__ExternalActors__/Platformer3D_MK/Maps/Level03/B/CC/I46Q3399SFBDHC2FCAVE6R
 |- Actor Path: /Game/Platformer3D_MK/Maps/Level03.Level03:PersistentLevel.StaticMeshActor_UAID_244BFE874FBA84CA01_1139933710
 |- Actor Package: /Game/__ExternalActors__/Platformer3D_MK/Maps/Level03/1/74/J10DGK1M3JMDPP5DKI58XF
 |- Actor Path: /Game/Platformer3D_MK/Maps/Level03.Level03:PersistentLevel.VolumetricCloud_UAID_244BFE874FBAF1C901_1866215840
 |- Actor Package: /Game/__ExternalActors__/Platformer3D_MK/Maps/Level03/B/36/EQWYANPX6P1GIOW835NN14
 |- Actor Path: /Game/Platformer3D_MK/Maps/Level03.Level03:PersistentLevel.WorldDataLayers
 |- Actor Package: /Game/__ExternalActors__/Platformer3D_MK/Maps/Level03/3/N7/31O1DGVBMDSV87YNCLYJAW
 |- Actor Path: /Game/Platformer3D_MK/Maps/Level03.Level03:PersistentLevel.WorldPartitionMiniMap_UAID_244BFE874FBAF1C901_1504709834
 |- Actor Package: /Game/__ExternalActors__/Platformer3D_MK/Maps/Level03/B/GY/40B93EIE000EA9L3ZEX6MW
 |- Actor Path: /Game/Platformer3D_MK/Maps/Level03.Level03:PersistentLevel.WorldSettings
 |- Actor Package: /Game/Platformer3D_MK/Maps/Level03

----------------------------------------------------------------------------------------------------------------
Level03 - Runtime Spatial Hash - Streaming Grid - MainGrid
----------------------------------------------------------------------------------------------------------------
            Origin: X=0.000 Y=0.000 Z=0.000
         Cell Size: 12800
      World Bounds: IsValid=true, Min=(X=-29033.364 Y=-25498.418 Z=-12825.667), Max=(X=29744.596 Y=32785.925 Z=13192.512)
     Loading Range: 25600.00
Block Slow Loading: No
 ClientOnlyVisible: No
            Origin: X=0.000 Y=0.000 Z=0.000

[+] Grid Levels: 4
 |- Level  0: Cell Count    2 | Cell Size   12800 | Actor Count   10 (58.8%)
 |- Level  1: Cell Count    1 | Cell Size   25600 | Actor Count    2 (11.8%)
 |- Level  2: Cell Count    1 | Cell Size   51200 | Actor Count    5 (29.4%)
 |- Level  3: Cell Count    0 | Cell Size  102400 | Actor Count    0 (0.0%)

[+] Content of Grid Level 0
 |- [+] Content of Cell Level03_MainGrid_L0_X0_Y0 (2D36D5PIBFQXGNZWKZEW6ACWT)
 |   |- Actor Count: 9
 |   |-          Actor Path: /Game/Platformer3D_MK/Maps/Level03.Level03:PersistentLevel.StaticMeshActor_UAID_244BFE874FBA83CA01_2047665531
 |   |-       Actor Package: /Game/__ExternalActors__/Platformer3D_MK/Maps/Level03/B/CC/I46Q3399SFBDHC2FCAVE6R
 |   |- Actor Instance Guid: 037446914C95A2CE454D93B765FDB73F
 |   |-          Actor Path: /Game/Platformer3D_MK/Maps/Level03.Level03:PersistentLevel.StaticMeshActor_UAID_244BFE874FBA83CA01_1995370530
 |   |-       Actor Package: /Game/__ExternalActors__/Platformer3D_MK/Maps/Level03/7/PP/3I1NRM7H33IU4577XRP6IL
 |   |- Actor Instance Guid: 4221DBA7421ABE3A25DF4EAE5DC80551
 |   |-          Actor Path: /Game/Platformer3D_MK/Maps/Level03.Level03:PersistentLevel.StaticMeshActor_UAID_244BFE874FBA83CA01_1990049527
 |   |-       Actor Package: /Game/__ExternalActors__/Platformer3D_MK/Maps/Level03/B/FJ/SLYFNZ16OJB8O7FVX13XDP
 |   |- Actor Instance Guid: 58F61C7F4600257663B8FBA5AED878CA
 |   |-          Actor Path: /Game/Platformer3D_MK/Maps/Level03.Level03:PersistentLevel.StaticMeshActor_UAID_244BFE874FBA73CA01_2100851718
 |   |-       Actor Package: /Game/__ExternalActors__/Platformer3D_MK/Maps/Level03/9/66/2GQ8Z4J8GWDLQEE7W9VRSO
 |   |- Actor Instance Guid: BB7F3AA1422173051F4271AD4435F0CC
 |   |-          Actor Path: /Game/Platformer3D_MK/Maps/Level03.Level03:PersistentLevel.StaticMeshActor_UAID_244BFE874FBA83CA01_1455860529
 |   |-       Actor Package: /Game/__ExternalActors__/Platformer3D_MK/Maps/Level03/B/EJ/TZOF6LRNHAQOMQFE9HB2C6
 |   |- Actor Instance Guid: C8E1DC574835C0CC1E3902B340160E62
 |   |-          Actor Path: /Game/Platformer3D_MK/Maps/Level03.Level03:PersistentLevel.StaticMeshActor_UAID_244BFE874FBA83CA01_1990054528
 |   |-       Actor Package: /Game/__ExternalActors__/Platformer3D_MK/Maps/Level03/7/CG/MNJRZZJYLSLU82RYVC9HGF
 |   |- Actor Instance Guid: CB4B0B40489152E91BD625983FE8C2E6
 |   |-          Actor Path: /Game/Platformer3D_MK/Maps/Level03.Level03:PersistentLevel.StaticMeshActor_UAID_244BFE874FBA84CA01_1139933710
 |   |-       Actor Package: /Game/__ExternalActors__/Platformer3D_MK/Maps/Level03/1/74/J10DGK1M3JMDPP5DKI58XF
 |   |- Actor Instance Guid: E10EAFB2448B6736CC7512AC20F25260
 |   |-          Actor Path: /Game/Platformer3D_MK/Maps/Level03.Level03:PersistentLevel.StaticMeshActor_UAID_244BFE874FBA83CA01_1995368529
 |   |-       Actor Package: /Game/__ExternalActors__/Platformer3D_MK/Maps/Level03/2/AA/XVYVQ721RDGVVBUXL1CWI8
 |   |- Actor Instance Guid: F5D4DDC2497A145FB4BF3CBC992DDF66
 |   |-          Actor Path: /Game/Platformer3D_MK/Maps/Level03.Level03:PersistentLevel.StaticMeshActor_UAID_244BFE874FBA83CA01_1542169531
 |   |-       Actor Package: /Game/__ExternalActors__/Platformer3D_MK/Maps/Level03/D/UN/GB9KU8J4F0U5VUDH78JVH1
 |   |- Actor Instance Guid: F74DA1CE4765C7BA3731D6A8AC29C832
 |- [+] Content of Cell Level03_MainGrid_L0_X0_Y1 (5TNWBX1U8E4DCLKNT8UIFJ4NF)
 |   |- Actor Count: 1
 |   |-          Actor Path: /Game/Platformer3D_MK/Maps/Level03.Level03:PersistentLevel.StaticMeshActor_UAID_244BFE874FBA83CA01_1434178528
 |   |-       Actor Package: /Game/__ExternalActors__/Platformer3D_MK/Maps/Level03/6/LL/IIRUL19DKBRO8GC6MXFCAB
 |   |- Actor Instance Guid: A7EFB34C4882C9F818A172AE03C60234
[+] Content of Grid Level 1
 |- [+] Content of Cell Level03_MainGrid_L1_X0_Y0 (7X7MXWNTHQ2Q86YA6J5KCZFVG)
 |   |- Actor Count: 2
 |   |-          Actor Path: /Game/Platformer3D_MK/Maps/Level03.Level03:PersistentLevel.BP_HeightRespawn_C_UAID_244BFE874FBAF3C901_1862548201
 |   |-       Actor Package: /Game/__ExternalActors__/Platformer3D_MK/Maps/Level03/D/GP/KVWU7W6DDLVWVBLEBRIU2F
 |   |- Actor Instance Guid: 76639F8F496E810373B860B958C050A3
 |   |-          Actor Path: /Game/Platformer3D_MK/Maps/Level03.Level03:PersistentLevel.StaticMeshActor_UAID_244BFE874FBA74CA01_1457295906
 |   |-       Actor Package: /Game/__ExternalActors__/Platformer3D_MK/Maps/Level03/B/RC/NV486TE71QGIKMVMJLT2I3
 |   |- Actor Instance Guid: A2038A5643AC9C24CD04498CEBCF6FCB
[+] Content of Grid Level 2
 |- [+] Content of Cell Level03_MainGrid_L2_X0_Y0 (0IB7AAMJ471N8W97NITZ7JSG3)
 |   |- Actor Count: 5
 |   |-          Actor Path: /Game/Platformer3D_MK/Maps/Level03.Level03:PersistentLevel.StaticMeshActor_UAID_244BFE874FBA74CA01_1455520905
 |   |-       Actor Package: /Game/__ExternalActors__/Platformer3D_MK/Maps/Level03/0/FO/26S5H417353L7GKD4PIEIO
 |   |- Actor Instance Guid: 3974C00B45E2B73C162139A8010E24CA
 |   |-          Actor Path: /Game/Platformer3D_MK/Maps/Level03.Level03:PersistentLevel.StaticMeshActor_UAID_244BFE874FBA74CA01_1350914902
 |   |-       Actor Package: /Game/__ExternalActors__/Platformer3D_MK/Maps/Level03/3/M5/ILEF1EHL8KWYKNZQN623D3
 |   |- Actor Instance Guid: 3F8FCCEF470F5B605FAC66BF25B4623F
 |   |-          Actor Path: /Game/Platformer3D_MK/Maps/Level03.Level03:PersistentLevel.StaticMeshActor_UAID_244BFE874FBA73CA01_2041681716
 |   |-       Actor Package: /Game/__ExternalActors__/Platformer3D_MK/Maps/Level03/1/YA/7YCZQWV59ZYYROK47BXWHD
 |   |- Actor Instance Guid: 47BFC8024ABE47446C610A87A6EDF15E
 |   |-          Actor Path: /Game/Platformer3D_MK/Maps/Level03.Level03:PersistentLevel.StaticMeshActor_UAID_244BFE874FBA73CA01_2062827717
 |   |-       Actor Package: /Game/__ExternalActors__/Platformer3D_MK/Maps/Level03/7/XZ/ZZF0BYYFFIR8DA76NM6EV9
 |   |- Actor Instance Guid: 64E277154A19FF7BD83386971AF6A49B
 |   |-          Actor Path: /Game/Platformer3D_MK/Maps/Level03.Level03:PersistentLevel.StaticMeshActor_UAID_244BFE874FBA74CA01_1335310901
 |   |-       Actor Package: /Game/__ExternalActors__/Platformer3D_MK/Maps/Level03/E/7X/SN7KE54XTHL7G7YH64A0FT
 |   |- Actor Instance Guid: 79676A704DA06578A0AD179C3AE0D86E
[+] Content of Grid Level 3

