[+] Containers:
 |- [+] Container: /Temp/Untitled_12
 |   |- [+] ActorDescs:
 |   |   |- Guid:B6BF111348943EE90F70A79794892E20 BaseClass: NativeClass:/Script/Engine.WorldDataLayers Name:WorldDataLayers Label:WorldDataLayers SpatiallyLoaded:0 Bounds:Invalid RuntimeGrid:None EditorOnly:0 RuntimeOnly:0 HLODRelevant:0 ListedInSceneOutliner:1 IsMainWorldOnly:1
 |   |   |- Guid:F4E27EAD4602AAEAC135C7A83D7AEB28 BaseClass: NativeClass:/Script/Engine.StaticMeshActor Name:StaticMeshActor_UAID_244BFE874FBAD3C901_1329678552 Label:Cube SpatiallyLoaded:1 Bounds:IsValid=true, Min=(X=-362.500 Y=-387.500 Z=-50.000), Max=(X=362.500 Y=387.500 Z=50.000) RuntimeGrid:None EditorOnly:0 RuntimeOnly:0 HLODRelevant:1 ListedInSceneOutliner:1 IsMainWorldOnly:0
 |   |- [+] Clusters:
 |   |   |- [+] [  0]
 |   |   |   |- Guid:B6BF111348943EE90F70A79794892E20 BaseClass: NativeClass:/Script/Engine.WorldDataLayers Name:WorldDataLayers Label:WorldDataLayers SpatiallyLoaded:0 Bounds:Invalid RuntimeGrid:None EditorOnly:0 RuntimeOnly:0 HLODRelevant:0 ListedInSceneOutliner:1 IsMainWorldOnly:1
 |   |   |- [+] [  1]
 |   |   |   |- Guid:F4E27EAD4602AAEAC135C7A83D7AEB28 BaseClass: NativeClass:/Script/Engine.StaticMeshActor Name:StaticMeshActor_UAID_244BFE874FBAD3C901_1329678552 Label:Cube SpatiallyLoaded:1 Bounds:IsValid=true, Min=(X=-362.500 Y=-387.500 Z=-50.000), Max=(X=362.500 Y=387.500 Z=50.000) RuntimeGrid:None EditorOnly:0 RuntimeOnly:0 HLODRelevant:1 ListedInSceneOutliner:1 IsMainWorldOnly:0
 |- ContainerInstances:
 |- [+] MainContainer:
 |   |-        ID: 00000000000000000000000000000000
 |   |-  ParentID: 00000000000000000000000000000000
 |   |-    Bounds: IsValid=true, Min=(X=-362.500 Y=-387.500 Z=-50.000), Max=(X=362.500 Y=387.500 Z=50.000)
 |   |- Transform: 0.000000,0.000000,0.000000|0.000000,0.000000,-0.000000|1.000000,1.000000,1.000000
 |   |- Container: /Temp/Untitled_12
----------------------------------------------------------------------------------------------------------------
Untitled - Persistent Level
----------------------------------------------------------------------------------------------------------------
[+] Content of Untitled Persistent Level
 |- Always loaded Actor Count: 8 
 |- Actor Path: /Temp/Untitled_12.Untitled:PersistentLevel.AbstractNavData-Default
 |- Actor Package: /Temp/Untitled_12
 |- Actor Path: /Temp/Untitled_12.Untitled:PersistentLevel.Brush_0
 |- Actor Package: /Temp/Untitled_12
 |- Actor Path: /Temp/Untitled_12.Untitled:PersistentLevel.DefaultPhysicsVolume_0
 |- Actor Package: /Temp/Untitled_12
 |- Actor Path: /Temp/Untitled_12.Untitled:PersistentLevel.GameplayDebuggerPlayerManager_0
 |- Actor Package: /Temp/Untitled_12
 |- Actor Path: /Temp/Untitled_12.Untitled:PersistentLevel.StaticMeshActor_UAID_244BFE874FBAD3C901_1329678552
 |- Actor Package: /Temp/__ExternalActors__/Untitled_12/A/MW/XDF9ZDD6LODVKMBPRHNW7N
 |- Actor Path: /Temp/Untitled_12.Untitled:PersistentLevel.WorldDataLayers
 |- Actor Package: /Temp/__ExternalActors__/Untitled_12/0/VY/7P20X36T5HF5UJY6CVPEBM
 |- Actor Path: /Temp/Untitled_12.Untitled:PersistentLevel.WorldPartitionMiniMap_UAID_244BFE874FBAD3C901_1287878551
 |- Actor Package: /Temp/__ExternalActors__/Untitled_12/A/CK/7UCIPAK8LLB0ERQMQUFLEI
 |- Actor Path: /Temp/Untitled_12.Untitled:PersistentLevel.WorldSettings
 |- Actor Package: /Temp/Untitled_12

----------------------------------------------------------------------------------------------------------------
Untitled - Runtime Spatial Hash - Streaming Grid - MainGrid
----------------------------------------------------------------------------------------------------------------
            Origin: X=0.000 Y=0.000 Z=0.000
         Cell Size: 12800
      World Bounds: IsValid=true, Min=(X=-362.500 Y=-387.500 Z=-50.000), Max=(X=362.500 Y=387.500 Z=50.000)
     Loading Range: 25600.00
Block Slow Loading: No
 ClientOnlyVisible: No
            Origin: X=0.000 Y=0.000 Z=0.000

[+] Grid Levels: 2
 |- Level  0: Cell Count    1 | Cell Size   12800 | Actor Count    1 (100.0%)
 |- Level  1: Cell Count    0 | Cell Size   25600 | Actor Count    0 (0.0%)

[+] Content of Grid Level 0
 |- [+] Content of Cell Untitled_12_MainGrid_L0_X0_Y0 (709KBLEFJZ2W0IKXERL96YWRI)
 |   |- Actor Count: 1
 |   |-          Actor Path: /Temp/Untitled_12.Untitled:PersistentLevel.StaticMeshActor_UAID_244BFE874FBAD3C901_1329678552
 |   |-       Actor Package: /Temp/__ExternalActors__/Untitled_12/A/MW/XDF9ZDD6LODVKMBPRHNW7N
 |   |- Actor Instance Guid: F4E27EAD4602AAEAC135C7A83D7AEB28
[+] Content of Grid Level 1

